<?xml version="1.0" encoding="UTF-8"?>
<testsuite xmlns:xsi="http://www.w3.org/2001/XMLSchema-instance" xsi:noNamespaceSchemaLocation="https://maven.apache.org/surefire/maven-surefire-plugin/xsd/surefire-test-report.xsd" version="3.0.2" name="com.enigmacamp.java.maven.BelajarJavaLanjutanMavenApplicationTests" time="1.043" tests="1" errors="0" skipped="0" failures="0">
  <properties>
[...]
</properties>
  <testcase name="contextLoads" classname="com.enigmacamp.java.maven.BelajarJavaLanjutanMavenApplicationTests" time="0.457">
    <system-out><![CDATA[12:54:07.616 [main] INFO org.springframework.test.context.support.AnnotationConfigContextLoaderUtils -- Could not detect default configuration classes for test class [com.enigmacamp.java.maven.BelajarJavaLanjutanMavenApplicationTests]: BelajarJavaLanjutanMavenApplicationTests does not declare any static, non-private, non-final, nested classes annotated with @Configuration.
12:54:07.677 [main] INFO org.springframework.boot.test.context.SpringBootTestContextBootstrapper -- Found @SpringBootConfiguration com.enigmacamp.java.maven.BelajarJavaLanjutanMavenApplication for test class com.enigmacamp.java.maven.BelajarJavaLanjutanMavenApplicationTests

  .   ____          _            __ _ _
 /\\ / ___'_ __ _ _(_)_ __  __ _ \ \ \ \
( ( )\___ | '_ | '_| | '_ \/ _` | \ \ \ \
 \\/  ___)| |_)| | | | | || (_| |  ) ) ) )
  '  |____| .__|_| |_|_| |_\__, | / / / /
 =========|_|==============|___/=/_/_/_/

 :: Spring Boot ::                (v3.5.6)

2025-09-23T12:54:07.900+07:00  INFO 1725 --- [Belajar-Java-Lanjutan-Maven] [           main] BelajarJavaLanjutanMavenApplicationTests : Starting BelajarJavaLanjutanMavenApplicationTests using Java 21.0.8 with PID 1725 (started by user in /Users/user/DATA UTAMA/01 Project/PROJECT JAVA /belajar-java-lanjutan)
2025-09-23T12:54:07.901+07:00  INFO 1725 --- [Belajar-Java-Lanjutan-Maven] [           main] BelajarJavaLanjutanMavenApplicationTests : No active profile set, falling back to 1 default profile: "default"
2025-09-23T12:54:08.111+07:00  INFO 1725 --- [Belajar-Java-Lanjutan-Maven] [           main] BelajarJavaLanjutanMavenApplicationTests : Started BelajarJavaLanjutanMavenApplicationTests in 0.362 seconds (process running for 0.848)
]]></system-out>
    <system-err><![CDATA[Mockito is currently self-attaching to enable the inline-mock-maker. This will no longer work in future releases of the JDK. Please add Mockito as an agent to your build as described in Mockito's documentation: https://javadoc.io/doc/org.mockito/mockito-core/latest/org.mockito/org/mockito/Mockito.html#0.3
WARNING: A Java agent has been loaded dynamically (/Users/user/.m2/repository/net/bytebuddy/byte-buddy-agent/1.17.7/byte-buddy-agent-1.17.7.jar)
WARNING: If a serviceability tool is in use, please run with -XX:+EnableDynamicAgentLoading to hide this warning
WARNING: If a serviceability tool is not in use, please run with -Djdk.instrument.traceUsage for more information
WARNING: Dynamic loading of agents will be disallowed by default in a future release
]]></system-err>
  </testcase>
</testsuite>